0 info it worked if it ends with ok
1 verbose cli [ '/home/ubuntu/.nvm/versions/node/v4.5.0/bin/node',
1 verbose cli   '/home/ubuntu/.nvm/versions/node/v4.5.0/bin/npm',
1 verbose cli   'install',
1 verbose cli   '.bin' ]
2 info using npm@2.15.9
3 info using node@v4.5.0
4 verbose install initial load of /home/ubuntu/workspace/voting/package.json
5 warn package.json voting_app@1.0.0 No description
6 warn package.json voting_app@1.0.0 No repository field.
7 warn package.json voting_app@1.0.0 No README data
8 verbose installManyTop reading scoped package data from /home/ubuntu/workspace/voting/node_modules/async/package.json
9 verbose installManyTop reading scoped package data from /home/ubuntu/workspace/voting/node_modules/express/package.json
10 verbose installManyTop reading scoped package data from /home/ubuntu/workspace/voting/node_modules/socket.io/package.json
11 verbose readDependencies loading dependencies from /home/ubuntu/workspace/voting/package.json
12 silly cache add args [ '.bin', null ]
13 verbose cache add spec .bin
14 silly cache add parsed spec Result {
14 silly cache add   raw: '.bin',
14 silly cache add   scope: null,
14 silly cache add   name: null,
14 silly cache add   rawSpec: '.bin',
14 silly cache add   spec: '/home/ubuntu/workspace/voting/.bin',
14 silly cache add   type: 'local' }
15 error addLocal Could not install /home/ubuntu/workspace/voting/.bin
16 verbose stack Error: ENOENT: no such file or directory, open '/home/ubuntu/workspace/voting/.bin'
16 verbose stack     at Error (native)
17 verbose cwd /home/ubuntu/workspace/voting
18 error Linux 4.2.0-c9
19 error argv "/home/ubuntu/.nvm/versions/node/v4.5.0/bin/node" "/home/ubuntu/.nvm/versions/node/v4.5.0/bin/npm" "install" ".bin"
20 error node v4.5.0
21 error npm  v2.15.9
22 error path /home/ubuntu/workspace/voting/.bin
23 error code ENOENT
24 error errno -2
25 error syscall open
26 error enoent ENOENT: no such file or directory, open '/home/ubuntu/workspace/voting/.bin'
26 error enoent This is most likely not a problem with npm itself
26 error enoent and is related to npm not being able to find a file.
27 verbose exit [ -2, true ]
